<?xml version="1.0" encoding="UTF-8"?>
<testng-results ignored="0" total="2" passed="2" failed="0" skipped="0">
  <reporter-output>
  </reporter-output>
  <suite started-at="2025-08-05T16:53:44 AEST" name="ParabankSuite" finished-at="2025-08-05T16:54:16 AEST" duration-ms="31239">
    <groups>
    </groups>
    <test started-at="2025-08-05T16:53:44 AEST" name="Parabank-Test" finished-at="2025-08-05T16:54:16 AEST" duration-ms="31239">
      <class name="com.qa.parabank.tests.ParabankTest">
        <test-method is-config="true" signature="setup(java.lang.String,org.testng.ITestContext)[pri:0, instance:com.qa.parabank.tests.ParabankTest@7671cb68]" started-at="2025-08-05T16:53:44 AEST" name="setup" finished-at="2025-08-05T16:53:55 AEST" duration-ms="10442" status="PASS">
          <params>
            <param index="0">
              <value>
                <![CDATA[test-data/standarduser.json]]>
              </value>
            </param>
            <param index="1">
              <value>
                <![CDATA[org.testng.TestRunner@d9345cd]]>
              </value>
            </param>
          </params>
          <reporter-output>
          </reporter-output>
        </test-method> <!-- setup -->
        <test-method signature="endToEndTest()[pri:1, instance:com.qa.parabank.tests.ParabankTest@7671cb68]" started-at="2025-08-05T16:53:55 AEST" name="endToEndTest" finished-at="2025-08-05T16:54:08 AEST" duration-ms="12949" status="PASS">
          <reporter-output>
          </reporter-output>
        </test-method> <!-- endToEndTest -->
        <test-method signature="validateTransactionByAPI()[pri:2, instance:com.qa.parabank.tests.ParabankTest@7671cb68]" started-at="2025-08-05T16:54:08 AEST" name="validateTransactionByAPI" finished-at="2025-08-05T16:54:15 AEST" depends-on-methods="com.qa.parabank.tests.ParabankTest.endToEndTest" duration-ms="7315" status="PASS">
          <reporter-output>
          </reporter-output>
        </test-method> <!-- validateTransactionByAPI -->
        <test-method is-config="true" signature="tearDownClass()[pri:0, instance:com.qa.parabank.tests.ParabankTest@7671cb68]" started-at="2025-08-05T16:54:15 AEST" name="tearDownClass" finished-at="2025-08-05T16:54:16 AEST" duration-ms="470" status="PASS">
          <reporter-output>
          </reporter-output>
        </test-method> <!-- tearDownClass -->
      </class> <!-- com.qa.parabank.tests.ParabankTest -->
    </test> <!-- Parabank-Test -->
  </suite> <!-- ParabankSuite -->
</testng-results>
